95200	"Tuple{typeof(Compat.Sys.__init__)}"
172999	"Tuple{typeof(MacroTools.__init__)}"
641300	"Tuple{typeof(Base.nextpow), Int64, Int64}"
282000	"Tuple{typeof(Random.shuffle!), Random.MersenneTwister, Array{Symbol, 1}}"
252000	"Tuple{typeof(Media.__init__)}"
169900	"Tuple{typeof(Base.pathof), Module}"
80200	"Tuple{typeof(Base.MainInclude.include), String}"
135999	"Tuple{getfield(Test, Symbol("#@test")), LineNumberNode, Module, Any, Vararg{Any, N} where N}"
47800	"Tuple{typeof(Test.test_expr!), String, Expr}"
1573600	"Tuple{typeof(Test.get_test_result), Expr, LineNumberNode}"
398900	"Tuple{typeof(Base.first), String}"
324301	"Tuple{typeof(Base.collect), Base.Generator{Array{Any, 1}, typeof(Base.esc)}}"
80400	"Tuple{Type{Base.Generator{I, F} where F where I}, Type{QuoteNode}, Array{Any, 1}}"
491701	"Tuple{typeof(Base.collect_to_with_first!), Array{QuoteNode, 1}, QuoteNode, Base.Generator{Array{Any, 1}, Type{QuoteNode}}, Int64}"
47200	"Tuple{typeof(Base.collect), Base.Generator{Array{Any, 1}, Type{QuoteNode}}}"
85799	"Tuple{typeof(Juno.isactive)}"
857701	"Tuple{typeof(Test.eval_test), Expr, Expr, LineNumberNode, Bool}"
100800	"Tuple{typeof(Base.:(==)), Bool, Bool}"
365300	"Tuple{typeof(Test.get_testset)}"
118000	"Tuple{typeof(Test.do_test), Test.Returned, Expr}"
107399	"Tuple{typeof(Base.isempty), Array{Test.AbstractTestSet, 1}}"
231501	"Tuple{typeof(Juno.plotsize)}"
189800	"Tuple{typeof(Base.:(==)), Array{Int64, 1}, Array{Int64, 1}}"
146999	"Tuple{getfield(Test, Symbol("#@test_throws")), LineNumberNode, Module, Any, Any}"
74601	"Tuple{typeof(Juno.selector), Array{String, 1}}"
88600	"Tuple{Type{Test.Threw}, UndefVarError, Nothing, LineNumberNode}"
330199	"Tuple{typeof(Base.println), Test.Fail}"
36001	"Tuple{typeof(Test.record), Test.FallbackTestSet, Test.Fail}"
217399	"Tuple{typeof(Base.print), Test.Fail}"
952101	"Tuple{typeof(Base._any), getfield(Test, Symbol("#1#2")){String, Tuple{Symbol, Symbol}}, Array{Base.StackTraces.StackFrame, 1}, Base.Colon}"
90200	"Tuple{typeof(Base.findnext), getfield(Test, Symbol("#3#5")), Array{Union{Ptr{Nothing}, Base.InterpreterIP}, 1}, Int64}"
1097699	"Tuple{typeof(Base._any), getfield(Test, Symbol("#1#2")){String, Tuple{Symbol}}, Array{Base.StackTraces.StackFrame, 1}, Base.Colon}"
106900	"Tuple{typeof(Base.findnext), getfield(Test, Symbol("#4#6")), Array{Union{Ptr{Nothing}, Base.InterpreterIP}, 1}, Int64}"
269601	"Tuple{typeof(Test.scrub_backtrace), Array{Union{Ptr{Nothing}, Base.InterpreterIP}, 1}}"
127299	"Tuple{typeof(Test.record), Test.DefaultTestSet, Test.Fail}"
167501	"Tuple{typeof(Test.do_test_throws), Test.Threw, Any, Any}"
80600	"Tuple{getfield(Juno, Symbol("#@progress")), LineNumberNode, Module, Vararg{Any, N} where N}"
1112000	"Tuple{typeof(Juno._progress), String, Float64, Expr}"
25399	"Tuple{typeof(Juno._progress), Expr}"
91200	"Tuple{typeof(Base.:(==)), Symbol, Symbol}"
160500	"Tuple{typeof(Base.vect), Expr}"
958601	"Tuple{typeof(Base.collect_to!), Array{Symbol, 1}, Base.Generator{Base.UnitRange{Int64}, getfield(Juno, Symbol("#10#12"))}, Int64, Int64}"
75200	"Tuple{typeof(Base.collect), Base.Generator{Base.UnitRange{Int64}, getfield(Juno, Symbol("#10#12"))}}"
957899	"Tuple{getfield(Juno, Symbol("#11#13")), Tuple{Symbol, Symbol, Expr}}"
152501	"Tuple{typeof(Base.collect_to!), Array{Expr, 1}, Base.Generator{Base.Iterators.Zip{Tuple{Array{Symbol, 1}, Array{Symbol, 1}, Array{Expr, 1}}}, getfield(Juno, Symbol("#11#13"))}, Int64, Tuple{Int64, Int64, Int64}}"
169500	"Tuple{typeof(Base.collect), Base.Generator{Base.Iterators.Zip{Tuple{Array{Symbol, 1}, Array{Symbol, 1}, Array{Expr, 1}}}, getfield(Juno, Symbol("#11#13"))}}"
422100	"Tuple{typeof(Base.throw_boundserror), Base.Broadcast.Broadcasted{Nothing, Tuple{Base.OneTo{Int64}}, typeof(Base.esc), Tuple{Base.Broadcast.Extruded{Array{Expr, 1}, Tuple{Bool}, Tuple{Int64}}}}, Tuple{Int64}}"
702600	"Tuple{typeof(Base.reverse), Array{Expr, 1}, Int64, Int64}"
34199	"Tuple{typeof(Juno._for), Array{Expr, 1}, Expr}"
183000	"Tuple{typeof(Juno._progress), String, Float64, Expr, Symbol, Symbol, typeof(Juno._for), Array{Symbol, 1}, Array{Expr, 1}, Expr}"
154101	"Tuple{getfield(Base.CoreLogging, Symbol("#@logmsg")), LineNumberNode, Module, Any, Vararg{Any, N} where N}"
997201	"Tuple{typeof(Base.CoreLogging.logmsg_code), Module, String, Int64, Expr, Expr, Expr, Vararg{Expr, N} where N}"
797700	"Tuple{typeof(Base.CoreLogging.log_record_id), Module, Expr, Expr, Tuple{Expr, Expr}}"
167001	"Tuple{typeof(Base.show), Base.GenericIOBuffer{Array{UInt8, 1}}, Int64}"
69500	"Tuple{typeof(Base.is_quoted), Float64}"
60499	"Tuple{typeof(Base.show_unquoted), Base.IOContext{Base.GenericIOBuffer{Array{UInt8, 1}}}, Float64, Int64, Int64}"
107400	"Tuple{typeof(Base.show_unquoted), Base.IOContext{Base.GenericIOBuffer{Array{UInt8, 1}}}, String, Int64, Int64}"
1454599	"Tuple{getfield(Juno, Symbol("#11#13")), Tuple{Symbol, Symbol, Symbol}}"
151801	"Tuple{typeof(Base.collect_to!), Array{Expr, 1}, Base.Generator{Base.Iterators.Zip{Tuple{Array{Symbol, 1}, Array{Symbol, 1}, Array{Symbol, 1}}}, getfield(Juno, Symbol("#11#13"))}, Int64, Tuple{Int64, Int64, Int64}}"
181499	"Tuple{typeof(Base.collect), Base.Generator{Base.Iterators.Zip{Tuple{Array{Symbol, 1}, Array{Symbol, 1}, Array{Symbol, 1}}}, getfield(Juno, Symbol("#11#13"))}}"
274501	"Tuple{typeof(Base.throw_boundserror), Base.Broadcast.Broadcasted{Nothing, Tuple{Base.OneTo{Int64}}, typeof(Base.esc), Tuple{Base.Broadcast.Extruded{Array{Symbol, 1}, Tuple{Bool}, Tuple{Int64}}}}, Tuple{Int64}}"
672100	"Tuple{typeof(Juno._progress), String, Float64, Expr, Symbol, Symbol, typeof(Juno._for), Array{Symbol, 1}, Array{Symbol, 1}, Expr}"
107800	"Tuple{typeof(Juno._progress), String, Expr}"
90501	"Tuple{Type{Base.Generator{I, F} where F where I}, getfield(Juno, Symbol("#4#8")), Array{Any, 1}}"
432701	"Tuple{typeof(Base.collect), Base.Generator{Array{Any, 1}, getfield(Juno, Symbol("#4#8"))}}"
75701	"Tuple{getfield(Juno, Symbol("#4#8")), Expr}"
120500	"Tuple{typeof(Base._array_for), Type{Symbol}, Array{Any, 1}, Base.HasShape{1}}"
466401	"Tuple{typeof(Base.collect_to!), Array{Symbol, 1}, Base.Generator{Array{Any, 1}, getfield(Juno, Symbol("#4#8"))}, Int64, Int64}"
36600	"Tuple{typeof(Base.collect_to_with_first!), Array{Symbol, 1}, Symbol, Base.Generator{Array{Any, 1}, getfield(Juno, Symbol("#4#8"))}, Int64}"
671800	"Tuple{typeof(Base.reverse), Array{Symbol, 1}, Int64, Int64}"
32600	"Tuple{typeof(Base.reverse), Array{Symbol, 1}}"
84500	"Tuple{Type{Base.Generator{I, F} where F where I}, getfield(Juno, Symbol("#5#9")), Array{Any, 1}}"
359000	"Tuple{typeof(Base.collect), Base.Generator{Array{Any, 1}, getfield(Juno, Symbol("#5#9"))}}"
90000	"Tuple{getfield(Juno, Symbol("#5#9")), Expr}"
125500	"Tuple{typeof(Base._array_for), Type{Expr}, Array{Any, 1}, Base.HasShape{1}}"
368699	"Tuple{typeof(Base.collect_to!), Array{Expr, 1}, Base.Generator{Array{Any, 1}, getfield(Juno, Symbol("#5#9"))}, Int64, Int64}"
36300	"Tuple{typeof(Base.collect_to_with_first!), Array{Expr, 1}, Expr, Base.Generator{Array{Any, 1}, getfield(Juno, Symbol("#5#9"))}, Int64}"
132901	"Tuple{typeof(Base.reverse), Array{Expr, 1}}"
1725199	"Tuple{typeof(Juno._progress), Expr, Float64, Expr}"
34700	"Tuple{typeof(Juno._progress), Expr, Expr}"
878301	"Tuple{typeof(Juno._progress), Expr, Float64, Expr, Symbol, Symbol, typeof(Juno._for), Array{Symbol, 1}, Array{Expr, 1}, Expr}"
101101	"Tuple{Type{Base.Generator{I, F} where F where I}, getfield(Juno, Symbol("#2#6")), Array{Any, 1}}"
287901	"Tuple{typeof(Base.collect), Base.Generator{Array{Any, 1}, getfield(Juno, Symbol("#2#6"))}}"
92001	"Tuple{getfield(Juno, Symbol("#2#6")), Expr}"
394100	"Tuple{typeof(Base.collect_to!), Array{Symbol, 1}, Base.Generator{Array{Any, 1}, getfield(Juno, Symbol("#2#6"))}, Int64, Int64}"
35201	"Tuple{typeof(Base.collect_to_with_first!), Array{Symbol, 1}, Symbol, Base.Generator{Array{Any, 1}, getfield(Juno, Symbol("#2#6"))}, Int64}"
85100	"Tuple{Type{Base.Generator{I, F} where F where I}, getfield(Juno, Symbol("#3#7")), Array{Any, 1}}"
262801	"Tuple{typeof(Base.collect), Base.Generator{Array{Any, 1}, getfield(Juno, Symbol("#3#7"))}}"
76100	"Tuple{getfield(Juno, Symbol("#3#7")), Expr}"
409899	"Tuple{typeof(Base.collect_to!), Array{Expr, 1}, Base.Generator{Array{Any, 1}, getfield(Juno, Symbol("#3#7"))}, Int64, Int64}"
35701	"Tuple{typeof(Base.collect_to_with_first!), Array{Expr, 1}, Expr, Base.Generator{Array{Any, 1}, getfield(Juno, Symbol("#3#7"))}, Int64}"
802501	"Tuple{typeof(Juno._comprehension), Array{Expr, 1}, Expr}"
183100	"Tuple{typeof(Juno._progress), String, Float64, Expr, Expr, Expr, typeof(Juno._comprehension), Array{Symbol, 1}, Array{Expr, 1}, Expr}"
93501	"Tuple{typeof(Base.Iterators.product), Base.UnitRange{Int64}, Vararg{Base.UnitRange{Int64}, N} where N}"
118200	"Tuple{Type{Base.Iterators.ProductIterator{T} where T<:Tuple}, Tuple{Base.UnitRange{Int64}, Base.UnitRange{Int64}}}"
115200	"Tuple{Type{Base.Generator{I, F} where F where I}, getfield(Main, Symbol("#20#24")), Base.Iterators.ProductIterator{Tuple{Base.UnitRange{Int64}, Base.UnitRange{Int64}}}}"
905800	"Tuple{typeof(Base.collect), Base.Generator{Base.Iterators.ProductIterator{Tuple{Base.UnitRange{Int64}, Base.UnitRange{Int64}}}, getfield(Main, Symbol("#20#24"))}}"
369401	"Tuple{typeof(Base._throw_dmrs), Int64, String, Tuple{Int64, Int64}}"
32899	"Tuple{typeof(Base.reshape), Base.UnitRange{Int64}, Int64, Int64}"
1049000	"Tuple{typeof(Base.throw_boundserror), Base.ReshapedArray{Int64, 2, Base.UnitRange{Int64}, Tuple{}}, Tuple{Int64}}"
226800	"Tuple{typeof(Base.:(==)), Array{Int64, 2}, Base.ReshapedArray{Int64, 2, Base.UnitRange{Int64}, Tuple{}}}"
237101	"Tuple{typeof(Base.:(==)), Array{Int64, 2}, Array{Int64, 2}}"
257200	"Tuple{typeof(Base.iterate), Array{Int64, 1}}"
180700	"Tuple{typeof(Base.iterate), Array{Int64, 1}, Int64}"
346901	"Tuple{typeof(Base.vect), Tuple{Int64, Int64}, Vararg{Tuple{Int64, Int64}, N} where N}"
557500	"Tuple{typeof(Base.:(==)), WeakRef, Tuple{Int64, Int64}}"
341200	"Tuple{typeof(Base.:(==)), Array{Any, 1}, Array{Tuple{Int64, Int64}, 1}}"
132700	"Tuple{typeof(Base.:(==)), Tuple{Int64, Int64}, Tuple{Int64, Int64}}"
640099	"Tuple{typeof(Juno.notify), String}"
291800	"Tuple{typeof(Base.debug_color)}"
285701	"Tuple{typeof(Base.warn_color)}"
47199	"Tuple{typeof(Logging.default_metafmt), Base.CoreLogging.LogLevel, Module, String, Symbol, String, Int64}"
451100	"Tuple{typeof(Base.show), Base.GenericIOBuffer{Array{UInt8, 1}}, Base.CoreLogging.LogLevel}"
114900	"Tuple{typeof(Base.indexed_iterate), Tuple{Symbol, String, String}, Int64}"
104600	"Tuple{typeof(Base.indexed_iterate), Tuple{Symbol, String, String}, Int64, Int64}"
148000	"Tuple{Type{Base.IOContext{IO_t} where IO_t<:IO}, Base.GenericIOBuffer{Array{UInt8, 1}}, Base.TTY}"
102900	"Tuple{typeof(Base.afoldl), typeof(Base.:(+)), Int64, Int64, Int64}"
250800	"Tuple{getfield(Base, Symbol("#kw##printstyled")), NamedTuple{(:bold, :color), Tuple{Bool, Symbol}}, typeof(Base.printstyled), Base.IOContext{Base.GenericIOBuffer{Array{UInt8, 1}}}, String}"
173400	"Tuple{getfield(Base, Symbol("#kw##printstyled")), NamedTuple{(:bold, :color), Tuple{Bool, Symbol}}, typeof(Base.printstyled), Base.IOContext{Base.GenericIOBuffer{Array{UInt8, 1}}}, String, Vararg{String, N} where N}"
105400	"Tuple{getfield(Base, Symbol("##printstyled#708")), Bool, Symbol, typeof(Base.printstyled), Base.IOContext{Base.GenericIOBuffer{Array{UInt8, 1}}}, String, Vararg{String, N} where N}"
164000	"Tuple{getfield(Base, Symbol("#kw##with_output_color")), NamedTuple{(:bold,), Tuple{Bool}}, typeof(Base.with_output_color), Function, Symbol, Base.IOContext{Base.GenericIOBuffer{Array{UInt8, 1}}}, String, Vararg{String, N} where N}"
1141700	"Tuple{getfield(Base, Symbol("##with_output_color#707")), Bool, typeof(Base.with_output_color), Function, Symbol, Base.IOContext{Base.GenericIOBuffer{Array{UInt8, 1}}}, String, Vararg{String, N} where N}"
190300	"Tuple{typeof(Base.write), Base.TTY, Array{UInt8, 1}}"
